<?xml version="1.0" encoding="UTF-8"?>
<testsuite xmlns:xsi="http://www.w3.org/2001/XMLSchema-instance" xsi:noNamespaceSchemaLocation="https://maven.apache.org/surefire/maven-surefire-plugin/xsd/surefire-test-report-3.0.xsd" version="3.0" name="Services.RecommendationFileWriterServiceTest" time="0.767" tests="6" errors="0" skipped="0" failures="0">
  <properties>
    <property name="java.specification.version" value="23"/>
    <property name="sun.cpu.isalist" value="amd64"/>
    <property name="sun.jnu.encoding" value="Cp1252"/>
    <property name="java.class.path" value="C:\Users\Mohanad\Documents\GitHub\Movie-recommender-Testing-Project\movierecommender\target\test-classes;C:\Users\Mohanad\Documents\GitHub\Movie-recommender-Testing-Project\movierecommender\target\classes;C:\Users\Mohanad\.m2\repository\org\junit\jupiter\junit-jupiter-api\5.9.2\junit-jupiter-api-5.9.2.jar;C:\Users\Mohanad\.m2\repository\org\opentest4j\opentest4j\1.2.0\opentest4j-1.2.0.jar;C:\Users\Mohanad\.m2\repository\org\junit\platform\junit-platform-commons\1.9.2\junit-platform-commons-1.9.2.jar;C:\Users\Mohanad\.m2\repository\org\apiguardian\apiguardian-api\1.1.2\apiguardian-api-1.1.2.jar;C:\Users\Mohanad\.m2\repository\org\junit\jupiter\junit-jupiter-engine\5.9.2\junit-jupiter-engine-5.9.2.jar;C:\Users\Mohanad\.m2\repository\org\junit\platform\junit-platform-engine\1.9.2\junit-platform-engine-1.9.2.jar;C:\Users\Mohanad\.m2\repository\org\mockito\mockito-core\4.3.1\mockito-core-4.3.1.jar;C:\Users\Mohanad\.m2\repository\net\bytebuddy\byte-buddy\1.12.7\byte-buddy-1.12.7.jar;C:\Users\Mohanad\.m2\repository\net\bytebuddy\byte-buddy-agent\1.12.7\byte-buddy-agent-1.12.7.jar;C:\Users\Mohanad\.m2\repository\org\objenesis\objenesis\3.2\objenesis-3.2.jar;C:\Users\Mohanad\.m2\repository\org\mockito\mockito-junit-jupiter\4.3.1\mockito-junit-jupiter-4.3.1.jar;"/>
    <property name="java.vm.vendor" value="Oracle Corporation"/>
    <property name="sun.arch.data.model" value="64"/>
    <property name="user.variant" value=""/>
    <property name="java.vendor.url" value="https://java.oracle.com/"/>
    <property name="user.timezone" value="Africa/Cairo"/>
    <property name="os.name" value="Windows 11"/>
    <property name="java.vm.specification.version" value="23"/>
    <property name="user.country" value="US"/>
    <property name="sun.java.launcher" value="SUN_STANDARD"/>
    <property name="sun.boot.library.path" value="C:\Users\Mohanad\.vscode\extensions\oracle.oracle-java-23.1.0\out\webviews\jdkDownloader\jdk_downloads\jdk-23.0.2\bin"/>
    <property name="sun.java.command" value="C:\Users\Mohanad\AppData\Local\Temp\surefire3755938321627043214\surefirebooter-20250412012332277_3.jar C:\Users\Mohanad\AppData\Local\Temp\surefire3755938321627043214 2025-04-12T01-23-32_004-jvmRun1 surefire-20250412012332277_1tmp surefire_0-20250412012332277_2tmp"/>
    <property name="jdk.debug" value="release"/>
    <property name="test" value="Services.RecommendationFileWriterServiceTest"/>
    <property name="surefire.test.class.path" value="C:\Users\Mohanad\Documents\GitHub\Movie-recommender-Testing-Project\movierecommender\target\test-classes;C:\Users\Mohanad\Documents\GitHub\Movie-recommender-Testing-Project\movierecommender\target\classes;C:\Users\Mohanad\.m2\repository\org\junit\jupiter\junit-jupiter-api\5.9.2\junit-jupiter-api-5.9.2.jar;C:\Users\Mohanad\.m2\repository\org\opentest4j\opentest4j\1.2.0\opentest4j-1.2.0.jar;C:\Users\Mohanad\.m2\repository\org\junit\platform\junit-platform-commons\1.9.2\junit-platform-commons-1.9.2.jar;C:\Users\Mohanad\.m2\repository\org\apiguardian\apiguardian-api\1.1.2\apiguardian-api-1.1.2.jar;C:\Users\Mohanad\.m2\repository\org\junit\jupiter\junit-jupiter-engine\5.9.2\junit-jupiter-engine-5.9.2.jar;C:\Users\Mohanad\.m2\repository\org\junit\platform\junit-platform-engine\1.9.2\junit-platform-engine-1.9.2.jar;C:\Users\Mohanad\.m2\repository\org\mockito\mockito-core\4.3.1\mockito-core-4.3.1.jar;C:\Users\Mohanad\.m2\repository\net\bytebuddy\byte-buddy\1.12.7\byte-buddy-1.12.7.jar;C:\Users\Mohanad\.m2\repository\net\bytebuddy\byte-buddy-agent\1.12.7\byte-buddy-agent-1.12.7.jar;C:\Users\Mohanad\.m2\repository\org\objenesis\objenesis\3.2\objenesis-3.2.jar;C:\Users\Mohanad\.m2\repository\org\mockito\mockito-junit-jupiter\4.3.1\mockito-junit-jupiter-4.3.1.jar;"/>
    <property name="sun.cpu.endian" value="little"/>
    <property name="user.home" value="C:\Users\Mohanad"/>
    <property name="user.language" value="en"/>
    <property name="java.specification.vendor" value="Oracle Corporation"/>
    <property name="java.version.date" value="2025-01-21"/>
    <property name="java.home" value="C:\Users\Mohanad\.vscode\extensions\oracle.oracle-java-23.1.0\out\webviews\jdkDownloader\jdk_downloads\jdk-23.0.2"/>
    <property name="file.separator" value="\"/>
    <property name="basedir" value="C:\Users\Mohanad\Documents\GitHub\Movie-recommender-Testing-Project\movierecommender"/>
    <property name="java.vm.compressedOopsMode" value="Zero based"/>
    <property name="line.separator" value="&#10;"/>
    <property name="java.vm.specification.vendor" value="Oracle Corporation"/>
    <property name="java.specification.name" value="Java Platform API Specification"/>
    <property name="surefire.real.class.path" value="C:\Users\Mohanad\AppData\Local\Temp\surefire3755938321627043214\surefirebooter-20250412012332277_3.jar"/>
    <property name="user.script" value=""/>
    <property name="sun.management.compiler" value="HotSpot 64-Bit Tiered Compilers"/>
    <property name="java.runtime.version" value="23.0.2+7-58"/>
    <property name="user.name" value="Mohanad"/>
    <property name="stdout.encoding" value="Cp1252"/>
    <property name="path.separator" value=";"/>
    <property name="os.version" value="10.0"/>
    <property name="java.runtime.name" value="Java(TM) SE Runtime Environment"/>
    <property name="file.encoding" value="UTF-8"/>
    <property name="java.vm.name" value="Java HotSpot(TM) 64-Bit Server VM"/>
    <property name="maven.ext.class.path" value="C:\Users\Mohanad\.vscode\extensions\oracle.oracle-java-23.1.0\nbcode\java\maven-nblib\netbeans-eventspy.jar"/>
    <property name="localRepository" value="C:\Users\Mohanad\.m2\repository"/>
    <property name="java.vendor.url.bug" value="https://bugreport.java.com/bugreport/"/>
    <property name="java.io.tmpdir" value="C:\Users\Mohanad\AppData\Local\Temp\"/>
    <property name="java.version" value="23.0.2"/>
    <property name="user.dir" value="C:\Users\Mohanad\Documents\GitHub\Movie-recommender-Testing-Project\movierecommender"/>
    <property name="os.arch" value="amd64"/>
    <property name="java.vm.specification.name" value="Java Virtual Machine Specification"/>
    <property name="sun.os.patch.level" value=""/>
    <property name="native.encoding" value="Cp1252"/>
    <property name="java.library.path" value="C:\Users\Mohanad\.vscode\extensions\oracle.oracle-java-23.1.0\out\webviews\jdkDownloader\jdk_downloads\jdk-23.0.2\bin;C:\WINDOWS\Sun\Java\bin;C:\WINDOWS\system32;C:\WINDOWS;C:\Windows\system32;C:\Windows;C:\Windows\System32\Wbem;C:\Windows\System32\WindowsPowerShell\v1.0\;C:\Windows\System32\OpenSSH\;C:\Program Files\NVIDIA Corporation\NVIDIA NvDLISR;C:\Program Files (x86)\NVIDIA Corporation\PhysX\Common;C:\WINDOWS\system32;C:\WINDOWS;C:\WINDOWS\System32\Wbem;C:\WINDOWS\System32\WindowsPowerShell\v1.0\;C:\WINDOWS\System32\OpenSSH\;D:\Intellij\Nodejs\;C:\Program Files\Apache\Maven\bin;C:\Program Files\msys64\ucrt64\bin;C:\Program Files\msys64\usr\bin;C:\Users\Mohanad\AppData\Local\Programs\Python\Python312\Scripts\;C:\Users\Mohanad\AppData\Local\Programs\Python\Python312\;C:\Users\Mohanad\AppData\Local\Programs\Python\Python311\Scripts\;C:\Users\Mohanad\AppData\Local\Programs\Python\Python311\;C:\Users\Mohanad\AppData\Local\Microsoft\WindowsApps;C:\Users\Mohanad\AppData\Local\Programs\Microsoft VS Code\bin;C:\Users\Mohanad\AppData\Roaming\npm;C:\Users\Mohanad\.conda\envs\Honda;C:\Users\Mohanad\.conda\envs\preHonda;C:\Users\Mohanad\AppData\Local\GitHubDesktop\bin;C:\Users\Mohanad\AppData\Local\Microsoft\WinGet\Packages\Schniz.fnm_Microsoft.Winget.Source_8wekyb3d8bbwe;C:\Users\Mohanad\.vscode\extensions\oracle.oracle-java-23.1.0\out\webviews\jdkDownloader\jdk_downloads\jdk-23.0.2\bin;;."/>
    <property name="java.vm.info" value="mixed mode, sharing"/>
    <property name="stderr.encoding" value="Cp1252"/>
    <property name="java.vendor" value="Oracle Corporation"/>
    <property name="java.vm.version" value="23.0.2+7-58"/>
    <property name="sun.io.unicode.encoding" value="UnicodeLittle"/>
    <property name="java.class.version" value="67.0"/>
  </properties>
  <testcase name="RecommendationFileWriterService_OneUser_SuccessfulWrite" classname="Services.RecommendationFileWriterServiceTest" time="0.679">
    <system-out><![CDATA[Successfully wrote to the file.
]]></system-out>
  </testcase>
  <testcase name="RecommendationFileWriterService_NoRecommendations_Exception" classname="Services.RecommendationFileWriterServiceTest" time="0.027"/>
  <testcase name="RecommendationFileWriterService_NoFilenameSpecified_IOException" classname="Services.RecommendationFileWriterServiceTest" time="0.006"/>
  <testcase name="RecommendationFileWriterService_MultiUser_SuccessfulWrite" classname="Services.RecommendationFileWriterServiceTest" time="0.004">
    <system-out><![CDATA[Successfully wrote to the file.
]]></system-out>
  </testcase>
  <testcase name="RecommendationFileWriterService_OneUserMultiRecommendations_SuccessfulWrite" classname="Services.RecommendationFileWriterServiceTest" time="0.006">
    <system-out><![CDATA[Successfully wrote to the file.
]]></system-out>
  </testcase>
  <testcase name="RecommendationFileWriterService_NoFilenameSpecified_Exception" classname="Services.RecommendationFileWriterServiceTest" time="0.005"/>
</testsuite>